<?xml version="1.0" encoding="UTF-8"?>
<testsuite xmlns:xsi="http://www.w3.org/2001/XMLSchema-instance" xsi:noNamespaceSchemaLocation="https://maven.apache.org/surefire/maven-surefire-plugin/xsd/surefire-test-report.xsd" name="TestSuite" time="18.08" tests="2" errors="0" skipped="0" failures="1">
  <properties>
[...]
</properties>
  <testcase name="loginPositiveTest" classname="com.demoqa.tests.LoginTests" time="2.475"/>
  <testcase name="searchBookPositiveTest" classname="com.demoqa.tests.SearchBookTests" time="2.006">
    <failure message="element click intercepted: Element &lt;input autocomplete=&quot;off&quot; placeholder=&quot;Type to search&quot; type=&quot;text&quot; id=&quot;searchBox&quot; class=&quot;form-control&quot;&gt; is not clickable at point (508, 443). Other element would receive the click: &lt;iframe id=&quot;google_ads_iframe_/21849154601,22343295815/Ad.Plus-Anchor_0&quot; name=&quot;google_ads_iframe_/21849154601,22343295815/Ad.Plus-Anchor_0&quot; title=&quot;3rd party ad content&quot; width=&quot;970&quot; height=&quot;100&quot; scrolling=&quot;no&quot; marginwidth=&quot;0&quot; marginheight=&quot;0&quot; frameborder=&quot;0&quot; aria-label=&quot;Advertisement&quot; tabindex=&quot;0&quot; allow=&quot;private-state-token-redemption;attribution-reporting&quot; data-load-complete=&quot;true&quot; style=&quot;border: 0px; vertical-align: bottom;&quot; data-google-container-id=&quot;1&quot;&gt;&lt;/iframe&gt;&#10;  (Session info: chrome=131.0.6778.109)&#10;Build info: version: &apos;4.27.0&apos;, revision: &apos;d6e718d134&apos;&#10;System info: os.name: &apos;Windows 11&apos;, os.arch: &apos;amd64&apos;, os.version: &apos;10.0&apos;, java.version: &apos;17.0.11&apos;&#10;Driver info: org.openqa.selenium.chrome.ChromeDriver&#10;Command: [baf5e9384295711bc209aad6c2e827bb, clickElement {id=f.EADA8A60541027F838DE66E9AFF328F1.d.E8EF5E6781C2917064BB06130B39A920.e.37}]&#10;Capabilities {acceptInsecureCerts: false, browserName: chrome, browserVersion: 131.0.6778.109, chrome: {chromedriverVersion: 131.0.6778.69 (77e2244bbcda..., userDataDir: C:\Users\MALKHA~1\AppData\L...}, fedcm:accounts: true, goog:chromeOptions: {debuggerAddress: localhost:60315}, networkConnectionEnabled: false, pageLoadStrategy: normal, platformName: windows, proxy: Proxy(), se:cdp: ws://localhost:60315/devtoo..., se:cdpVersion: 131.0.6778.109, setWindowRect: true, strictFileInteractability: false, timeouts: {implicit: 0, pageLoad: 300000, script: 30000}, unhandledPromptBehavior: dismiss and notify, webauthn:extension:credBlob: true, webauthn:extension:largeBlob: true, webauthn:extension:minPinLength: true, webauthn:extension:prf: true, webauthn:virtualAuthenticators: true}&#10;Element: [[ChromeDriver: chrome on windows (baf5e9384295711bc209aad6c2e827bb)] -&gt; id: searchBox]&#10;Session ID: baf5e9384295711bc209aad6c2e827bb" type="org.openqa.selenium.ElementClickInterceptedException"><![CDATA[org.openqa.selenium.ElementClickInterceptedException: 
element click intercepted: Element <input autocomplete="off" placeholder="Type to search" type="text" id="searchBox" class="form-control"> is not clickable at point (508, 443). Other element would receive the click: <iframe id="google_ads_iframe_/21849154601,22343295815/Ad.Plus-Anchor_0" name="google_ads_iframe_/21849154601,22343295815/Ad.Plus-Anchor_0" title="3rd party ad content" width="970" height="100" scrolling="no" marginwidth="0" marginheight="0" frameborder="0" aria-label="Advertisement" tabindex="0" allow="private-state-token-redemption;attribution-reporting" data-load-complete="true" style="border: 0px; vertical-align: bottom;" data-google-container-id="1"></iframe>
  (Session info: chrome=131.0.6778.109)
Build info: version: '4.27.0', revision: 'd6e718d134'
System info: os.name: 'Windows 11', os.arch: 'amd64', os.version: '10.0', java.version: '17.0.11'
Driver info: org.openqa.selenium.chrome.ChromeDriver
Command: [baf5e9384295711bc209aad6c2e827bb, clickElement {id=f.EADA8A60541027F838DE66E9AFF328F1.d.E8EF5E6781C2917064BB06130B39A920.e.37}]
Capabilities {acceptInsecureCerts: false, browserName: chrome, browserVersion: 131.0.6778.109, chrome: {chromedriverVersion: 131.0.6778.69 (77e2244bbcda..., userDataDir: C:\Users\MALKHA~1\AppData\L...}, fedcm:accounts: true, goog:chromeOptions: {debuggerAddress: localhost:60315}, networkConnectionEnabled: false, pageLoadStrategy: normal, platformName: windows, proxy: Proxy(), se:cdp: ws://localhost:60315/devtoo..., se:cdpVersion: 131.0.6778.109, setWindowRect: true, strictFileInteractability: false, timeouts: {implicit: 0, pageLoad: 300000, script: 30000}, unhandledPromptBehavior: dismiss and notify, webauthn:extension:credBlob: true, webauthn:extension:largeBlob: true, webauthn:extension:minPinLength: true, webauthn:extension:prf: true, webauthn:virtualAuthenticators: true}
Element: [[ChromeDriver: chrome on windows (baf5e9384295711bc209aad6c2e827bb)] -> id: searchBox]
Session ID: baf5e9384295711bc209aad6c2e827bb
	at com.demoqa.tests.SearchBookTests.searchBookPositiveTest(SearchBookTests.java:21)
]]></failure>
    <system-out><![CDATA[14:33:39.476 [main] INFO  com.demoqa.tests.TestBase -%PARSER_ERROR[kvp]- Start test: searchBookPositiveTest
14:33:39.529 [main] INFO  com.demoqa.utils.MyListener -%PARSER_ERROR[kvp]- The locator will find By.cssSelector: .card:nth-child(6)
14:33:39.529 [main] INFO  com.demoqa.utils.MyListener -%PARSER_ERROR[kvp]- ****************************************
14:33:39.588 [main] INFO  com.demoqa.utils.MyListener -%PARSER_ERROR[kvp]- The locator found By.cssSelector: .card:nth-child(6)
14:33:39.588 [main] INFO  com.demoqa.utils.MyListener -%PARSER_ERROR[kvp]- ******************************************
14:33:40.410 [main] INFO  com.demoqa.utils.MyListener -%PARSER_ERROR[kvp]- The locator will find By.id: searchBox
14:33:40.411 [main] INFO  com.demoqa.utils.MyListener -%PARSER_ERROR[kvp]- ****************************************
14:33:40.609 [main] INFO  com.demoqa.utils.MyListener -%PARSER_ERROR[kvp]- The locator found By.id: searchBox
14:33:40.609 [main] INFO  com.demoqa.utils.MyListener -%PARSER_ERROR[kvp]- ******************************************
14:33:42.318 [main] INFO  com.demoqa.utils.MyListener -%PARSER_ERROR[kvp]- The test have a problem
14:33:42.326 [main] INFO  com.demoqa.utils.MyListener -%PARSER_ERROR[kvp]- ***********************************************************
14:33:42.326 [main] INFO  com.demoqa.utils.MyListener -%PARSER_ERROR[kvp]- Method --> click
14:33:42.328 [main] INFO  com.demoqa.utils.MyListener -%PARSER_ERROR[kvp]- ************************************************************
14:33:42.333 [main] INFO  com.demoqa.utils.MyListener -%PARSER_ERROR[kvp]- Target exception --> org.openqa.selenium.ElementClickInterceptedException: element click intercepted: Element <input autocomplete="off" placeholder="Type to search" type="text" id="searchBox" class="form-control"> is not clickable at point (508, 443). Other element would receive the click: <iframe id="google_ads_iframe_/21849154601,22343295815/Ad.Plus-Anchor_0" name="google_ads_iframe_/21849154601,22343295815/Ad.Plus-Anchor_0" title="3rd party ad content" width="970" height="100" scrolling="no" marginwidth="0" marginheight="0" frameborder="0" aria-label="Advertisement" tabindex="0" allow="private-state-token-redemption;attribution-reporting" data-load-complete="true" style="border: 0px; vertical-align: bottom;" data-google-container-id="1"></iframe>
  (Session info: chrome=131.0.6778.109)
Build info: version: '4.27.0', revision: 'd6e718d134'
System info: os.name: 'Windows 11', os.arch: 'amd64', os.version: '10.0', java.version: '17.0.11'
Driver info: org.openqa.selenium.chrome.ChromeDriver
Command: [baf5e9384295711bc209aad6c2e827bb, clickElement {id=f.EADA8A60541027F838DE66E9AFF328F1.d.E8EF5E6781C2917064BB06130B39A920.e.37}]
Capabilities {acceptInsecureCerts: false, browserName: chrome, browserVersion: 131.0.6778.109, chrome: {chromedriverVersion: 131.0.6778.69 (77e2244bbcda..., userDataDir: C:\Users\MALKHA~1\AppData\L...}, fedcm:accounts: true, goog:chromeOptions: {debuggerAddress: localhost:60315}, networkConnectionEnabled: false, pageLoadStrategy: normal, platformName: windows, proxy: Proxy(), se:cdp: ws://localhost:60315/devtoo..., se:cdpVersion: 131.0.6778.109, setWindowRect: true, strictFileInteractability: false, timeouts: {implicit: 0, pageLoad: 300000, script: 30000}, unhandledPromptBehavior: dismiss and notify, webauthn:extension:credBlob: true, webauthn:extension:largeBlob: true, webauthn:extension:minPinLength: true, webauthn:extension:prf: true, webauthn:virtualAuthenticators: true}
Element: [[ChromeDriver: chrome on windows (baf5e9384295711bc209aad6c2e827bb)] -> id: searchBox]
Session ID: baf5e9384295711bc209aad6c2e827bb
14:33:42.334 [main] INFO  com.demoqa.utils.MyListener -%PARSER_ERROR[kvp]- *************************************************************
14:33:42.334 [main] INFO  com.demoqa.utils.MyListener -%PARSER_ERROR[kvp]- Object target --> [[ChromeDriver: chrome on windows (baf5e9384295711bc209aad6c2e827bb)] -> id: searchBox]
14:33:42.335 [main] INFO  com.demoqa.utils.MyListener -%PARSER_ERROR[kvp]- **************************************************************
]]></system-out>
    <system-err><![CDATA[Dez. 09, 2024 2:33:42 PM org.openqa.selenium.support.events.EventFiringDecorator lambda$onError$2
WARNING: class org.openqa.selenium.remote.RemoteWebElement cannot be cast to class org.openqa.selenium.chrome.ChromeDriver (org.openqa.selenium.remote.RemoteWebElement and org.openqa.selenium.chrome.ChromeDriver are in unnamed module of loader 'app')
java.lang.ClassCastException: class org.openqa.selenium.remote.RemoteWebElement cannot be cast to class org.openqa.selenium.chrome.ChromeDriver (org.openqa.selenium.remote.RemoteWebElement and org.openqa.selenium.chrome.ChromeDriver are in unnamed module of loader 'app')
	at com.demoqa.utils.MyListener.onError(MyListener.java:39)
	at org.openqa.selenium.support.events.EventFiringDecorator.lambda$onError$2(EventFiringDecorator.java:205)
	at java.base/java.util.Arrays$ArrayList.forEach(Arrays.java:4204)
	at org.openqa.selenium.support.events.EventFiringDecorator.onError(EventFiringDecorator.java:202)
	at org.openqa.selenium.support.decorators.DefaultDecorated.onError(DefaultDecorated.java:59)
	at org.openqa.selenium.support.decorators.WebDriverDecorator.lambda$createProxy$2(WebDriverDecorator.java:341)
	at net.bytebuddy.renamed.java.lang.Object$ByteBuddy$d1ygNim9.click(Unknown Source)
	at java.base/jdk.internal.reflect.NativeMethodAccessorImpl.invoke0(Native Method)
	at java.base/jdk.internal.reflect.NativeMethodAccessorImpl.invoke(NativeMethodAccessorImpl.java:77)
	at java.base/jdk.internal.reflect.DelegatingMethodAccessorImpl.invoke(DelegatingMethodAccessorImpl.java:43)
	at java.base/java.lang.reflect.Method.invoke(Method.java:568)
	at org.openqa.selenium.support.pagefactory.internal.LocatingElementHandler.invoke(LocatingElementHandler.java:51)
	at jdk.proxy2/jdk.proxy2.$Proxy33.click(Unknown Source)
	at com.demoqa.pages.BasePage.click(BasePage.java:26)
	at com.demoqa.pages.BasePage.type(BasePage.java:31)
	at com.demoqa.pages.bookStore.ProfilePage.typeKeyInSearchInput(ProfilePage.java:26)
	at com.demoqa.tests.SearchBookTests.searchBookPositiveTest(SearchBookTests.java:21)
	at java.base/jdk.internal.reflect.NativeMethodAccessorImpl.invoke0(Native Method)
	at java.base/jdk.internal.reflect.NativeMethodAccessorImpl.invoke(NativeMethodAccessorImpl.java:77)
	at java.base/jdk.internal.reflect.DelegatingMethodAccessorImpl.invoke(DelegatingMethodAccessorImpl.java:43)
	at java.base/java.lang.reflect.Method.invoke(Method.java:568)
	at org.testng.internal.invokers.MethodInvocationHelper.invokeMethod(MethodInvocationHelper.java:141)
	at org.testng.internal.invokers.TestInvoker.invokeMethod(TestInvoker.java:686)
	at org.testng.internal.invokers.TestInvoker.invokeTestMethod(TestInvoker.java:230)
	at org.testng.internal.invokers.MethodRunner.runInSequence(MethodRunner.java:63)
	at org.testng.internal.invokers.TestInvoker$MethodInvocationAgent.invoke(TestInvoker.java:992)
	at org.testng.internal.invokers.TestInvoker.invokeTestMethods(TestInvoker.java:203)
	at org.testng.internal.invokers.TestMethodWorker.invokeTestMethods(TestMethodWorker.java:154)
	at org.testng.internal.invokers.TestMethodWorker.run(TestMethodWorker.java:134)
	at java.base/java.util.ArrayList.forEach(ArrayList.java:1511)
	at org.testng.TestRunner.privateRun(TestRunner.java:739)
	at org.testng.TestRunner.run(TestRunner.java:614)
	at org.testng.SuiteRunner.runTest(SuiteRunner.java:421)
	at org.testng.SuiteRunner.runSequentially(SuiteRunner.java:413)
	at org.testng.SuiteRunner.privateRun(SuiteRunner.java:373)
	at org.testng.SuiteRunner.run(SuiteRunner.java:312)
	at org.testng.SuiteRunnerWorker.runSuite(SuiteRunnerWorker.java:52)
	at org.testng.SuiteRunnerWorker.run(SuiteRunnerWorker.java:95)
	at org.testng.TestNG.runSuitesSequentially(TestNG.java:1274)
	at org.testng.TestNG.runSuitesLocally(TestNG.java:1208)
	at org.testng.TestNG.runSuites(TestNG.java:1112)
	at org.testng.TestNG.run(TestNG.java:1079)
	at org.apache.maven.surefire.testng.TestNGExecutor.run(TestNGExecutor.java:283)
	at org.apache.maven.surefire.testng.TestNGXmlTestSuite.execute(TestNGXmlTestSuite.java:75)
	at org.apache.maven.surefire.testng.TestNGProvider.invoke(TestNGProvider.java:120)
	at org.apache.maven.surefire.booter.ForkedBooter.invokeProviderInSameClassLoader(ForkedBooter.java:379)
	at org.apache.maven.surefire.booter.ForkedBooter.runSuitesInProcess(ForkedBooter.java:340)
	at org.apache.maven.surefire.booter.ForkedBooter.execute(ForkedBooter.java:125)
	at org.apache.maven.surefire.booter.ForkedBooter.main(ForkedBooter.java:413)

]]></system-err>
  </testcase>
</testsuite>